[2025-01-16T15:55:36.516Z] INFO: Console.log {"args":["[Fast Refresh] rebuilding"]}
{"level":"info","message":"Console.log","data":{"args":["[Fast Refresh] rebuilding"]},"timestamp":"2025-01-16T15:55:46.233Z","source":"browser"}
{"level":"info","message":"Console.log","data":{"args":["[Fast Refresh] done in 27ms"]},"timestamp":"2025-01-16T15:55:46.720Z","source":"browser"}
{"level":"info","message":"Console.log","data":{"args":["[Fast Refresh] rebuilding"]},"timestamp":"2025-01-16T15:55:46.693Z","source":"browser"}
{"level":"info","message":"Console.log","data":{"args":["[Fast Refresh] done in 277ms"]},"timestamp":"2025-01-16T15:55:46.970Z","source":"browser"}
[2025-01-16T15:55:46.233Z] INFO: Console.log {"args":["[Fast Refresh] rebuilding"]}
[2025-01-16T15:55:46.720Z] INFO: Console.log {"args":["[Fast Refresh] done in 27ms"]}
[2025-01-16T15:55:46.693Z] INFO: Console.log {"args":["[Fast Refresh] rebuilding"]}
{"level":"info","message":"Browser logger initialized with console capture","timestamp":"2025-01-16T15:55:51.156Z","source":"browser"}
{"level":"info","message":"Browser logger initialized with console capture","timestamp":"2025-01-16T15:55:51.156Z","source":"browser"}
[2025-01-16T15:55:51.156Z] INFO: Browser logger initialized with console capture
[2025-01-16T15:55:51.156Z] INFO: Browser logger initialized with console capture
{"level":"info","message":"Browser logger initialized with console capture","timestamp":"2025-01-16T15:56:01.691Z","source":"browser"}
{"level":"info","message":"Browser logger initialized with console capture","timestamp":"2025-01-16T15:56:01.691Z","source":"browser"}
[2025-01-16T15:56:01.691Z] INFO: Browser logger initialized with console capture
[2025-01-16T15:56:01.691Z] INFO: Browser logger initialized with console capture
{"level":"info","message":"Console.log","data":{"args":["[Fast Refresh] rebuilding"]},"timestamp":"2025-01-16T15:56:44.054Z","source":"browser"}
{"level":"info","message":"Console.log","data":{"args":["[Fast Refresh] done in 323ms"]},"timestamp":"2025-01-16T15:56:44.377Z","source":"browser"}
[2025-01-16T15:56:44.054Z] INFO: Console.log {"args":["[Fast Refresh] rebuilding"]}
[2025-01-16T15:56:44.377Z] INFO: Console.log {"args":["[Fast Refresh] done in 323ms"]}
[2025-01-16T15:56:44.377Z] INFO: Console.log {"args":["[Fast Refresh] done in 323ms"]}
{"level":"info","message":"Console.log","data":{"args":["[Fast Refresh] rebuilding"]},"timestamp":"2025-01-16T15:57:27.296Z","source":"browser"}
{"level":"info","message":"Console.log","data":{"args":["[Fast Refresh] done in 299ms"]},"timestamp":"2025-01-16T15:57:27.595Z","source":"browser"}
[2025-01-16T15:57:27.296Z] INFO: Console.log {"args":["[Fast Refresh] rebuilding"]}
[2025-01-16T15:57:27.296Z] INFO: Console.log {"args":["[Fast Refresh] rebuilding"]}
[2025-01-16T15:57:27.595Z] INFO: Console.log {"args":["[Fast Refresh] done in 299ms"]}
[2025-01-16T15:57:27.595Z] INFO: Console.log {"args":["[Fast Refresh] done in 299ms"]}
{"level":"info","message":"Console.log","data":{"args":["[Fast Refresh] rebuilding"]},"timestamp":"2025-01-16T15:57:34.666Z","source":"browser"}
{"level":"info","message":"Console.log","data":{"args":["[Fast Refresh] done in 246ms"]},"timestamp":"2025-01-16T15:57:34.912Z","source":"browser"}
[2025-01-16T15:57:34.666Z] INFO: Console.log {"args":["[Fast Refresh] rebuilding"]}
[2025-01-16T15:57:34.666Z] INFO: Console.log {"args":["[Fast Refresh] rebuilding"]}
[2025-01-16T15:57:34.912Z] INFO: Console.log {"args":["[Fast Refresh] done in 246ms"]}
[2025-01-16T15:57:34.912Z] INFO: Console.log {"args":["[Fast Refresh] done in 246ms"]}
{"level":"info","message":"Console.log","data":{"args":["[Fast Refresh] rebuilding"]},"timestamp":"2025-01-16T15:57:43.058Z","source":"browser"}
{"level":"info","message":"Console.log","data":{"args":["[Fast Refresh] done in 380ms"]},"timestamp":"2025-01-16T15:57:43.439Z","source":"browser"}
[2025-01-16T15:57:43.058Z] INFO: Console.log {"args":["[Fast Refresh] rebuilding"]}
[2025-01-16T15:57:43.058Z] INFO: Console.log {"args":["[Fast Refresh] rebuilding"]}
[2025-01-16T15:57:43.439Z] INFO: Console.log {"args":["[Fast Refresh] done in 380ms"]}
[2025-01-16T15:57:43.439Z] INFO: Console.log {"args":["[Fast Refresh] done in 380ms"]}
[2025-01-16T15:57:46.042Z] INFO: Browser logger initialized with console capture
[2025-01-16T15:57:46.042Z] INFO: Browser logger initialized with console capture
[2025-01-16T15:58:02.335Z] INFO: Console.log {"args":["[Fast Refresh] rebuilding"]}
[2025-01-16T15:58:04.597Z] INFO: Browser logger initialized with console capture
[2025-01-16T15:58:04.597Z] INFO: Browser logger initialized with console capture
[2025-01-16T15:58:17.643Z] INFO: Console.log {"args":["[Fast Refresh] rebuilding"]}
[2025-01-16T15:58:17.887Z] INFO: Console.log {"args":["[Fast Refresh] done in 244ms"]}
[2025-01-16T15:58:21.520Z] INFO: Browser logger initialized with console capture
[2025-01-16T15:58:21.520Z] INFO: Browser logger initialized with console capture
[2025-01-16T15:58:27.586Z] INFO: Console.log {"args":["[Fast Refresh] rebuilding"]}
[2025-01-16T15:58:29.881Z] INFO: Browser logger initialized with console capture
[2025-01-16T15:58:29.881Z] INFO: Browser logger initialized with console capture
[2025-01-16T15:58:36.988Z] INFO: Console.log {"args":["[Fast Refresh] rebuilding"]}
[2025-01-16T15:58:40.025Z] INFO: Browser logger initialized with console capture
[2025-01-16T15:58:40.025Z] INFO: Browser logger initialized with console capture
[2025-01-16T15:58:42.979Z] INFO: Console.log {"args":["[Fast Refresh] rebuilding"]}
[2025-01-16T15:58:43.178Z] INFO: Console.log {"args":["[Fast Refresh] done in 200ms"]}
[2025-01-16T15:58:43.188Z] INFO: Console.log {"args":["[Fast Refresh] rebuilding"]}
[2025-01-16T15:58:46.920Z] INFO: Browser logger initialized with console capture
[2025-01-16T15:58:46.920Z] INFO: Browser logger initialized with console capture
[2025-01-16T15:59:49.235Z] INFO: Console.log {"args":["[Fast Refresh] rebuilding"]}
[2025-01-16T15:59:49.641Z] INFO: Console.log {"args":["[Fast Refresh] done in 406ms"]}
[2025-01-16T15:59:58.403Z] INFO: Browser logger initialized with console capture
[2025-01-16T15:59:58.403Z] INFO: Browser logger initialized with console capture
[2025-01-16T16:00:05.787Z] INFO: Console.log {"args":["[Fast Refresh] rebuilding"]}
[2025-01-16T16:00:06.015Z] INFO: Console.log {"args":["[Fast Refresh] done in 229ms"]}
[2025-01-16T16:00:14.047Z] INFO: Console.log {"args":["[Fast Refresh] rebuilding"]}
[2025-01-16T16:00:14.339Z] INFO: Console.log {"args":["[Fast Refresh] done in 292ms"]}
[2025-01-16T16:00:18.582Z] INFO: Browser logger initialized with console capture
[2025-01-16T16:00:18.582Z] INFO: Browser logger initialized with console capture
[2025-01-16T16:01:31.558Z] INFO: Console.log {"args":["[Fast Refresh] rebuilding"]}
[2025-01-16T16:01:31.866Z] INFO: Console.log {"args":["[Fast Refresh] done in 307ms"]}
[2025-01-16T16:01:42.524Z] INFO: Console.log {"args":["[Fast Refresh] rebuilding"]}
[2025-01-16T16:01:42.748Z] INFO: Console.log {"args":["[Fast Refresh] done in 224ms"]}
[2025-01-16T16:02:03.594Z] INFO: Browser logger initialized with console capture
[2025-01-16T16:02:03.594Z] INFO: Browser logger initialized with console capture
[2025-01-16T16:02:06.442Z] INFO: Browser logger initialized with console capture
[2025-01-16T16:02:06.442Z] INFO: Browser logger initialized with console capture
[2025-01-16T16:02:26.376Z] INFO: Console.log {"args":["[Fast Refresh] rebuilding"]}
[2025-01-16T16:02:26.617Z] INFO: Console.log {"args":["[Fast Refresh] done in 241ms"]}
[2025-01-16T16:05:32.245Z] INFO: Console.log {"args":["[Fast Refresh] rebuilding"]}
[2025-01-16T16:05:32.523Z] INFO: Console.log {"args":["[Fast Refresh] done in 279ms"]}
[2025-01-16T16:06:31.114Z] INFO: Console.log {"args":["[Fast Refresh] rebuilding"]}
[2025-01-16T16:06:31.395Z] INFO: Console.log {"args":["[Fast Refresh] done in 281ms"]}
[2025-01-16T16:07:57.073Z] INFO: Console.log {"args":["[Fast Refresh] rebuilding"]}
[2025-01-16T16:07:57.496Z] INFO: Console.log {"args":["[Fast Refresh] done in 423ms"]}
[2025-01-16T16:09:18.695Z] INFO: Console.log {"args":["[Fast Refresh] rebuilding"]}
[2025-01-16T16:09:18.980Z] INFO: Console.log {"args":["[Fast Refresh] done in 285ms"]}
[2025-01-16T16:09:47.679Z] INFO: Console.log {"args":["[Fast Refresh] rebuilding"]}
[2025-01-16T16:09:47.951Z] INFO: Console.log {"args":["[Fast Refresh] done in 271ms"]}
[2025-01-16T16:10:04.785Z] INFO: Console.log {"args":["[Fast Refresh] rebuilding"]}
[2025-01-16T16:10:05.034Z] INFO: Console.log {"args":["[Fast Refresh] done in 249ms"]}
[2025-01-16T16:10:30.241Z] INFO: Browser logger initialized with console capture
[2025-01-16T16:10:30.241Z] INFO: Browser logger initialized with console capture
[2025-01-16T16:17:26.278Z] INFO: Console.log {"args":["[Fast Refresh] rebuilding"]}
[2025-01-16T16:17:26.675Z] INFO: Console.log {"args":["[Fast Refresh] done in 397ms"]}
[2025-01-16T16:17:31.938Z] INFO: Console.log {"args":["[Fast Refresh] rebuilding"]}
[2025-01-16T16:17:32.164Z] INFO: Console.log {"args":["[Fast Refresh] done in 227ms"]}
[2025-01-16T16:19:44.311Z] INFO: Console.log {"args":["[Fast Refresh] rebuilding"]}
[2025-01-16T16:19:44.610Z] INFO: Console.log {"args":["[Fast Refresh] done in 299ms"]}
[2025-01-16T16:20:42.033Z] INFO: Console.log {"args":["[Fast Refresh] rebuilding"]}
[2025-01-16T16:20:42.355Z] INFO: Console.log {"args":["[Fast Refresh] done in 322ms"]}
[2025-01-16T16:23:13.662Z] INFO: Browser logger initialized with console capture
[2025-01-16T16:23:13.662Z] INFO: Browser logger initialized with console capture
[2025-01-16T16:28:02.029Z] INFO: Console.log {"args":["[Fast Refresh] rebuilding"]}
[2025-01-16T16:28:02.215Z] INFO: Console.log {"args":["[Fast Refresh] done in 186ms"]}
[2025-01-16T16:31:45.489Z] INFO: Browser logger initialized with console capture
[2025-01-16T16:31:45.489Z] INFO: Browser logger initialized with console capture
[2025-01-16T16:32:28.646Z] INFO: Browser logger initialized with console capture
[2025-01-16T16:32:28.647Z] INFO: Browser logger initialized with console capture
[2025-01-16T16:32:35.584Z] INFO: Browser logger initialized with console capture
[2025-01-16T16:32:35.584Z] INFO: Browser logger initialized with console capture
[2025-01-16T16:32:40.524Z] INFO: Console.log {"args":["[Fast Refresh] rebuilding"]}
[2025-01-16T16:32:40.808Z] INFO: Console.log {"args":["[Fast Refresh] done in 283ms"]}
[2025-01-16T16:32:54.980Z] INFO: Console.log {"args":["[Fast Refresh] rebuilding"]}
[2025-01-16T16:32:55.240Z] INFO: Console.log {"args":["[Fast Refresh] done in 260ms"]}
[2025-01-16T16:33:11.757Z] INFO: Console.log {"args":["[Fast Refresh] rebuilding"]}
[2025-01-16T16:33:12.116Z] INFO: Console.log {"args":["[Fast Refresh] done in 358ms"]}
[2025-01-16T16:33:17.542Z] INFO: Console.log {"args":["[Fast Refresh] rebuilding"]}
[2025-01-16T16:33:17.743Z] INFO: Console.log {"args":["[Fast Refresh] done in 201ms"]}
[2025-01-16T16:33:17.750Z] INFO: Console.log {"args":["[Fast Refresh] rebuilding"]}
[2025-01-16T16:33:22.942Z] INFO: Console.log {"args":["[Fast Refresh] rebuilding"]}
[2025-01-16T16:33:25.463Z] INFO: Browser logger initialized with console capture
[2025-01-16T16:33:25.463Z] INFO: Browser logger initialized with console capture
[2025-01-16T16:34:14.734Z] INFO: Console.log {"args":["[Fast Refresh] rebuilding"]}
[2025-01-16T16:34:15.140Z] INFO: Console.log {"args":["[Fast Refresh] done in 406ms"]}
[2025-01-16T16:34:23.241Z] INFO: Console.log {"args":["[Fast Refresh] rebuilding"]}
[2025-01-16T16:34:23.440Z] INFO: Console.log {"args":["[Fast Refresh] done in 199ms"]}
[2025-01-16T16:34:23.449Z] INFO: Console.log {"args":["[Fast Refresh] rebuilding"]}
[2025-01-16T16:34:33.301Z] INFO: Console.log {"args":["[Fast Refresh] rebuilding"]}
[2025-01-16T16:34:33.555Z] INFO: Console.log {"args":["[Fast Refresh] done in 254ms"]}
[2025-01-16T16:34:36.683Z] INFO: Browser logger initialized with console capture
[2025-01-16T16:34:36.683Z] INFO: Browser logger initialized with console capture
[2025-01-16T16:34:46.985Z] INFO: Browser logger initialized with console capture
[2025-01-16T16:34:46.985Z] INFO: Browser logger initialized with console capture
[2025-01-16T16:35:06.524Z] INFO: Browser logger initialized with console capture
[2025-01-16T16:35:08.742Z] INFO: Browser logger initialized with console capture
[2025-01-16T16:35:08.742Z] INFO: Browser logger initialized with console capture
[2025-01-16T16:35:23.999Z] INFO: Browser logger initialized with console capture
[2025-01-16T16:35:23.999Z] INFO: Browser logger initialized with console capture
[2025-01-16T16:35:33.341Z] INFO: Browser logger initialized with console capture
[2025-01-16T16:35:33.341Z] INFO: Browser logger initialized with console capture
[2025-01-16T16:36:11.368Z] INFO: Browser logger initialized with console capture
[2025-01-16T16:36:12.751Z] INFO: Browser logger initialized with console capture
[2025-01-16T16:36:12.751Z] INFO: Browser logger initialized with console capture
[2025-01-16T16:36:52.622Z] INFO: Console.log {"args":["[Fast Refresh] rebuilding"]}
[2025-01-16T16:36:52.907Z] INFO: Console.log {"args":["[Fast Refresh] done in 286ms"]}
[2025-01-16T16:37:06.057Z] INFO: Console.log {"args":["[Fast Refresh] rebuilding"]}
[2025-01-16T16:37:06.375Z] INFO: Console.log {"args":["[Fast Refresh] done in 318ms"]}
[2025-01-16T16:37:27.892Z] INFO: Console.log {"args":["[Fast Refresh] rebuilding"]}
[2025-01-16T16:37:28.556Z] INFO: Console.log {"args":["[Fast Refresh] done in 663ms"]}
[2025-01-16T16:37:50.606Z] INFO: Console.log {"args":["[Fast Refresh] rebuilding"]}
[2025-01-16T16:37:50.872Z] INFO: Console.log {"args":["[Fast Refresh] done in 266ms"]}
[2025-01-16T16:37:56.206Z] INFO: Console.log {"args":["[Fast Refresh] rebuilding"]}
[2025-01-16T16:37:56.416Z] INFO: Console.log {"args":["[Fast Refresh] rebuilding"]}
[2025-01-16T16:37:56.430Z] INFO: Console.log {"args":["[Fast Refresh] done in 14ms"]}
[2025-01-16T16:38:06.882Z] INFO: Browser logger initialized with console capture
[2025-01-16T16:38:06.882Z] INFO: Browser logger initialized with console capture
[2025-01-16T16:38:42.360Z] INFO: Console.log {"args":["[Fast Refresh] rebuilding"]}
[2025-01-16T16:38:42.683Z] INFO: Console.log {"args":["[Fast Refresh] done in 323ms"]}
[2025-01-16T16:38:55.528Z] INFO: Console.log {"args":["[Fast Refresh] rebuilding"]}
[2025-01-16T16:38:55.716Z] INFO: Console.log {"args":["[Fast Refresh] done in 188ms"]}
[2025-01-16T16:39:02.868Z] INFO: Console.log {"args":["[Fast Refresh] rebuilding"]}
[2025-01-16T16:39:03.100Z] INFO: Console.log {"args":["[Fast Refresh] rebuilding"]}
[2025-01-16T16:39:03.117Z] INFO: Console.log {"args":["[Fast Refresh] done in 17ms"]}
[2025-01-16T16:42:08.638Z] INFO: Browser logger initialized with console capture
[2025-01-16T16:42:08.638Z] INFO: Browser logger initialized with console capture
[2025-01-16T16:43:06.414Z] INFO: Console.log {"args":["[Fast Refresh] rebuilding"]}
[2025-01-16T16:43:06.687Z] INFO: Console.log {"args":["[Fast Refresh] done in 274ms"]}
[2025-01-16T16:43:14.288Z] INFO: Console.log {"args":["[Fast Refresh] rebuilding"]}
[2025-01-16T16:43:14.490Z] INFO: Console.log {"args":["[Fast Refresh] done in 201ms"]}
[2025-01-16T16:43:14.498Z] INFO: Console.log {"args":["[Fast Refresh] rebuilding"]}
[2025-01-16T16:43:23.961Z] INFO: Console.log {"args":["[Fast Refresh] rebuilding"]}
[2025-01-16T16:43:24.213Z] INFO: Console.log {"args":["[Fast Refresh] done in 253ms"]}
[2025-01-16T16:43:26.564Z] INFO: Browser logger initialized with console capture
[2025-01-16T16:43:26.565Z] INFO: Browser logger initialized with console capture
[2025-01-16T16:43:38.548Z] INFO: Console.log {"args":["[Fast Refresh] rebuilding"]}
[2025-01-16T16:43:38.753Z] INFO: Console.log {"args":["[Fast Refresh] done in 206ms"]}
[2025-01-16T16:44:43.473Z] INFO: Console.log {"args":["[Fast Refresh] rebuilding"]}
[2025-01-16T16:44:43.731Z] INFO: Console.log {"args":["[Fast Refresh] done in 258ms"]}
[2025-01-16T16:44:49.040Z] INFO: Console.log {"args":["[Fast Refresh] rebuilding"]}
[2025-01-16T16:44:49.256Z] INFO: Console.log {"args":["[Fast Refresh] rebuilding"]}
[2025-01-16T16:44:49.267Z] INFO: Console.log {"args":["[Fast Refresh] done in 11ms"]}
[2025-01-16T16:45:49.551Z] INFO: Console.log {"args":["[Fast Refresh] rebuilding"]}
[2025-01-16T16:45:49.856Z] INFO: Console.log {"args":["[Fast Refresh] done in 305ms"]}
[2025-01-16T16:46:32.347Z] INFO: Console.log {"args":["[Fast Refresh] rebuilding"]}
[2025-01-16T16:46:32.595Z] INFO: Console.log {"args":["[Fast Refresh] done in 249ms"]}
[2025-01-16T16:46:37.566Z] INFO: Console.log {"args":["[Fast Refresh] rebuilding"]}
[2025-01-16T16:46:37.852Z] INFO: Console.log {"args":["[Fast Refresh] rebuilding"]}
[2025-01-16T16:46:37.863Z] INFO: Console.log {"args":["[Fast Refresh] done in 11ms"]}
[2025-01-16T16:46:51.255Z] INFO: Console.log {"args":["[Fast Refresh] rebuilding"]}
[2025-01-16T16:46:51.431Z] INFO: Console.log {"args":["[Fast Refresh] done in 176ms"]}
[2025-01-16T16:46:56.137Z] INFO: Browser logger initialized with console capture
[2025-01-16T16:46:56.137Z] INFO: Browser logger initialized with console capture
[2025-01-16T16:47:58.923Z] INFO: Browser logger initialized with console capture
[2025-01-16T16:47:58.924Z] INFO: Browser logger initialized with console capture
[2025-01-16T16:48:12.287Z] INFO: Console.log {"args":["[Fast Refresh] rebuilding"]}
[2025-01-16T16:48:12.563Z] ERROR: Console.error {"args":["Warning: The final argument passed to %s changed size between renders. The order and size of this array must remain constant.\n\nPrevious: %s\nIncoming: %s%s","useEffect","[]","[[object Object], [object Object]]","\n    at AuthForm (webpack-internal:///(app-pages-browser)/./app/components/auth/auth-form.tsx:22:78)\n    at div\n    at div\n    at LoginPage (webpack-internal:///(app-pages-browser)/./app/login/page.tsx:15:82)\n    at ClientPageRoot (webpack-internal:///(app-pages-browser)/./node_modules/next/dist/client/components/client-page.js:14:11)\n    at InnerLayoutRouter (webpack-internal:///(app-pages-browser)/./node_modules/next/dist/client/components/layout-router.js:243:11)\n    at RedirectErrorBoundary (webpack-internal:///(app-pages-browser)/./node_modules/next/dist/client/components/redirect-boundary.js:74:9)\n    at RedirectBoundary (webpack-internal:///(app-pages-browser)/./node_modules/next/dist/client/components/redirect-boundary.js:82:11)\n    at NotFoundBoundary (webpack-internal:///(app-pages-browser)/./node_modules/next/dist/client/components/not-found-boundary.js:84:11)\n    at LoadingBoundary (webpack-internal:///(app-pages-browser)/./node_modules/next/dist/client/components/layout-router.js:349:11)\n    at ErrorBoundary (webpack-internal:///(app-pages-browser)/./node_modules/next/dist/client/components/error-boundary.js:160:11)\n    at InnerScrollAndFocusHandler (webpack-internal:///(app-pages-browser)/./node_modules/next/dist/client/components/layout-router.js:153:9)\n    at ScrollAndFocusHandler (webpack-internal:///(app-pages-browser)/./node_modules/next/dist/client/components/layout-router.js:228:11)\n    at RenderFromTemplateContext (webpack-internal:///(app-pages-browser)/./node_modules/next/dist/client/components/render-from-template-context.js:16:44)\n    at OuterLayoutRouter (webpack-internal:///(app-pages-browser)/./node_modules/next/dist/client/components/layout-router.js:370:11)\n    at LoginLayout (Server)\n    at InnerLayoutRouter (webpack-internal:///(app-pages-browser)/./node_modules/next/dist/client/components/layout-router.js:243:11)\n    at RedirectErrorBoundary (webpack-internal:///(app-pages-browser)/./node_modules/next/dist/client/components/redirect-boundary.js:74:9)\n    at RedirectBoundary (webpack-internal:///(app-pages-browser)/./node_modules/next/dist/client/components/redirect-boundary.js:82:11)\n    at NotFoundErrorBoundary (webpack-internal:///(app-pages-browser)/./node_modules/next/dist/client/components/not-found-boundary.js:76:9)\n    at NotFoundBoundary (webpack-internal:///(app-pages-browser)/./node_modules/next/dist/client/components/not-found-boundary.js:84:11)\n    at LoadingBoundary (webpack-internal:///(app-pages-browser)/./node_modules/next/dist/client/components/layout-router.js:349:11)\n    at ErrorBoundaryHandler (webpack-internal:///(app-pages-browser)/./node_modules/next/dist/client/components/error-boundary.js:113:9)\n    at ErrorBoundary (webpack-internal:///(app-pages-browser)/./node_modules/next/dist/client/components/error-boundary.js:160:11)\n    at InnerScrollAndFocusHandler (webpack-internal:///(app-pages-browser)/./node_modules/next/dist/client/components/layout-router.js:153:9)\n    at ScrollAndFocusHandler (webpack-internal:///(app-pages-browser)/./node_modules/next/dist/client/components/layout-router.js:228:11)\n    at RenderFromTemplateContext (webpack-internal:///(app-pages-browser)/./node_modules/next/dist/client/components/render-from-template-context.js:16:44)\n    at OuterLayoutRouter (webpack-internal:///(app-pages-browser)/./node_modules/next/dist/client/components/layout-router.js:370:11)\n    at ErrorBoundary (webpack-internal:///(app-pages-browser)/./app/components/error-boundary.tsx:68:9)\n    at LogProvider (webpack-internal:///(app-pages-browser)/./app/providers/log-provider.tsx:14:11)\n    at body\n    at html\n    at RootLayout (Server)\n    at RedirectErrorBoundary (webpack-internal:///(app-pages-browser)/./node_modules/next/dist/client/components/redirect-boundary.js:74:9)\n    at RedirectBoundary (webpack-internal:///(app-pages-browser)/./node_modules/next/dist/client/components/redirect-boundary.js:82:11)\n    at NotFoundErrorBoundary (webpack-internal:///(app-pages-browser)/./node_modules/next/dist/client/components/not-found-boundary.js:76:9)\n    at NotFoundBoundary (webpack-internal:///(app-pages-browser)/./node_modules/next/dist/client/components/not-found-boundary.js:84:11)\n    at DevRootNotFoundBoundary (webpack-internal:///(app-pages-browser)/./node_modules/next/dist/client/components/dev-root-not-found-boundary.js:33:11)\n    at ReactDevOverlay (webpack-internal:///(app-pages-browser)/./node_modules/next/dist/client/components/react-dev-overlay/app/ReactDevOverlay.js:87:9)\n    at HotReload (webpack-internal:///(app-pages-browser)/./node_modules/next/dist/client/components/react-dev-overlay/app/hot-reloader-client.js:321:11)\n    at Router (webpack-internal:///(app-pages-browser)/./node_modules/next/dist/client/components/app-router.js:207:11)\n    at ErrorBoundaryHandler (webpack-internal:///(app-pages-browser)/./node_modules/next/dist/client/components/error-boundary.js:113:9)\n    at ErrorBoundary (webpack-internal:///(app-pages-browser)/./node_modules/next/dist/client/components/error-boundary.js:160:11)\n    at AppRouter (webpack-internal:///(app-pages-browser)/./node_modules/next/dist/client/components/app-router.js:585:13)\n    at ServerRoot (webpack-internal:///(app-pages-browser)/./node_modules/next/dist/client/app-index.js:112:27)\n    at Root (webpack-internal:///(app-pages-browser)/./node_modules/next/dist/client/app-index.js:117:11)"]}
[2025-01-16T16:48:12.567Z] INFO: Console.log {"args":["[Fast Refresh] done in 279ms"]}
[2025-01-16T16:48:17.335Z] INFO: Console.log {"args":["[Fast Refresh] rebuilding"]}
[2025-01-16T16:48:17.542Z] INFO: Console.log {"args":["[Fast Refresh] rebuilding"]}
[2025-01-16T16:48:17.556Z] INFO: Console.log {"args":["[Fast Refresh] done in 14ms"]}
[2025-01-16T16:49:15.497Z] INFO: Console.log {"args":["[Fast Refresh] rebuilding"]}
[2025-01-16T16:49:15.807Z] WARN: Console.warn {"args":["Multiple GoTrueClient instances detected in the same browser context. It is not an error, but this should be avoided as it may produce undefined behavior when used concurrently under the same storage key."]}
[2025-01-16T16:49:15.808Z] INFO: Console.log {"args":["[Fast Refresh] done in 311ms"]}
[2025-01-16T16:49:21.555Z] INFO: Console.log {"args":["[Fast Refresh] rebuilding"]}
[2025-01-16T16:49:21.742Z] INFO: Console.log {"args":["[Fast Refresh] done in 186ms"]}
[2025-01-16T16:49:21.773Z] INFO: Console.log {"args":["[Fast Refresh] rebuilding"]}
[2025-01-16T16:50:12.095Z] INFO: Browser logger initialized with console capture
[2025-01-16T16:50:12.095Z] INFO: Browser logger initialized with console capture
[2025-01-16T16:50:14.935Z] INFO: Console.log {"args":["[Fast Refresh] rebuilding"]}
[2025-01-16T16:50:15.137Z] INFO: Console.log {"args":["[Fast Refresh] done in 203ms"]}
[2025-01-16T16:50:26.955Z] INFO: Browser logger initialized with console capture
[2025-01-16T16:50:26.955Z] INFO: Browser logger initialized with console capture
[2025-01-16T16:50:28.273Z] INFO: Console.log {"args":["[Fast Refresh] rebuilding"]}
[2025-01-16T16:50:28.470Z] INFO: Console.log {"args":["[Fast Refresh] done in 196ms"]}
[2025-01-16T16:50:36.718Z] INFO: Console.log {"args":["[Fast Refresh] rebuilding"]}
[2025-01-16T16:50:38.255Z] INFO: Browser logger initialized with console capture
[2025-01-16T16:50:38.255Z] INFO: Browser logger initialized with console capture
[2025-01-16T16:51:16.159Z] INFO: Console.log {"args":["[Fast Refresh] rebuilding"]}
[2025-01-16T16:51:16.467Z] INFO: Console.log {"args":["[Fast Refresh] done in 308ms"]}
[2025-01-16T16:51:22.319Z] INFO: Console.log {"args":["[Fast Refresh] rebuilding"]}
[2025-01-16T16:51:22.633Z] INFO: Console.log {"args":["[Fast Refresh] done in 314ms"]}
[2025-01-16T16:51:32.858Z] INFO: Browser logger initialized with console capture
[2025-01-16T16:51:32.859Z] INFO: Browser logger initialized with console capture
[2025-01-16T16:51:35.396Z] INFO: Browser logger initialized with console capture
[2025-01-16T16:51:35.396Z] INFO: Browser logger initialized with console capture
[2025-01-16T16:51:43.819Z] INFO: Console.log {"args":["[Fast Refresh] rebuilding"]}
[2025-01-16T16:51:44.037Z] INFO: Console.log {"args":["[Fast Refresh] done in 218ms"]}
[2025-01-16T16:51:53.202Z] INFO: Console.log {"args":["[Fast Refresh] rebuilding"]}
[2025-01-16T16:51:53.538Z] INFO: Console.log {"args":["[Fast Refresh] rebuilding"]}
[2025-01-16T16:51:53.555Z] INFO: Console.log {"args":["[Fast Refresh] done in 17ms"]}
[2025-01-16T16:51:53.858Z] INFO: Console.log {"args":["[Fast Refresh] done in 320ms"]}
[2025-01-16T16:52:06.274Z] INFO: Console.log {"args":["[Fast Refresh] rebuilding"]}
[2025-01-16T16:52:06.514Z] INFO: Console.log {"args":["[Fast Refresh] done in 239ms"]}
[2025-01-16T16:52:18.521Z] INFO: Console.log {"args":["[Fast Refresh] rebuilding"]}
[2025-01-16T16:52:18.758Z] INFO: Console.log {"args":["[Fast Refresh] done in 237ms"]}
[2025-01-16T16:52:40.553Z] INFO: Console.log {"args":["[Fast Refresh] rebuilding"]}
[2025-01-16T16:52:40.808Z] INFO: Console.log {"args":["[Fast Refresh] done in 255ms"]}
[2025-01-16T16:52:46.611Z] INFO: Console.log {"args":["[Fast Refresh] rebuilding"]}
[2025-01-16T16:52:46.802Z] INFO: Console.log {"args":["[Fast Refresh] done in 191ms"]}
[2025-01-16T16:52:46.816Z] INFO: Console.log {"args":["[Fast Refresh] rebuilding"]}
[2025-01-16T16:52:47.004Z] INFO: Console.log {"args":["[Fast Refresh] done in 188ms"]}
[2025-01-16T16:53:00.183Z] INFO: Console.log {"args":["[Fast Refresh] rebuilding"]}
[2025-01-16T16:53:00.363Z] INFO: Console.log {"args":["[Fast Refresh] done in 180ms"]}
[2025-01-16T16:53:05.803Z] INFO: Console.log {"args":["[Fast Refresh] rebuilding"]}
[2025-01-16T16:53:06.023Z] INFO: Console.log {"args":["[Fast Refresh] rebuilding"]}
[2025-01-16T16:53:06.048Z] INFO: Console.log {"args":["[Fast Refresh] done in 24ms"]}
[2025-01-16T16:53:06.192Z] INFO: Console.log {"args":["[Fast Refresh] done in 169ms"]}
[2025-01-16T16:53:08.371Z] INFO: Console.log {"args":["[Fast Refresh] rebuilding"]}
[2025-01-16T16:53:08.624Z] INFO: Console.log {"args":["[Fast Refresh] done in 253ms"]}
[2025-01-16T16:53:15.583Z] INFO: Console.log {"args":["[Fast Refresh] rebuilding"]}
[2025-01-16T16:53:15.774Z] INFO: Console.log {"args":["[Fast Refresh] done in 191ms"]}
[2025-01-16T16:53:15.789Z] INFO: Console.log {"args":["[Fast Refresh] rebuilding"]}
[2025-01-16T16:53:35.523Z] INFO: Console.log {"args":["[Fast Refresh] rebuilding"]}
[2025-01-16T16:53:35.777Z] INFO: Console.log {"args":["[Fast Refresh] done in 254ms"]}
[2025-01-16T16:53:44.199Z] INFO: Console.log {"args":["[Fast Refresh] rebuilding"]}
[2025-01-16T16:53:44.379Z] INFO: Console.log {"args":["[Fast Refresh] done in 180ms"]}
[2025-01-16T16:53:45.519Z] INFO: Browser logger initialized with console capture
[2025-01-16T16:53:44.495Z] INFO: Console.log {"args":["[Fast Refresh] rebuilding"]}
[2025-01-16T16:53:45.520Z] INFO: Browser logger initialized with console capture
[2025-01-16T16:53:45.135Z] INFO: Console.log {"args":["[Fast Refresh] done in 640ms"]}
[2025-01-16T16:55:18.570Z] INFO: Console.log {"args":["[Fast Refresh] rebuilding"]}
[2025-01-16T16:55:18.568Z] INFO: Console.log {"args":["[Fast Refresh] rebuilding"]}
[2025-01-16T16:55:53.629Z] INFO: Console.log {"args":["[Fast Refresh] rebuilding"]}
[2025-01-16T16:55:53.629Z] INFO: Console.log {"args":["[Fast Refresh] rebuilding"]}
[2025-01-16T16:55:54.447Z] INFO: Console.log {"args":["[Fast Refresh] done in 818ms"]}
[2025-01-16T16:55:54.436Z] INFO: Console.log {"args":["[Fast Refresh] done in 807ms"]}
[2025-01-16T16:55:54.566Z] INFO: Console.log {"args":["[Fast Refresh] rebuilding"]}
[2025-01-16T16:55:54.566Z] INFO: Console.log {"args":["[Fast Refresh] rebuilding"]}
[2025-01-16T16:55:54.815Z] INFO: Console.log {"args":["[Fast Refresh] done in 249ms"]}
[2025-01-16T16:55:54.788Z] INFO: Console.log {"args":["[Fast Refresh] done in 222ms"]}
[2025-01-16T16:55:55.181Z] INFO: Console.log {"args":["[Fast Refresh] rebuilding"]}
[2025-01-16T16:55:55.181Z] INFO: Console.log {"args":["[Fast Refresh] rebuilding"]}
[2025-01-16T16:55:55.344Z] INFO: Console.log {"args":["[Fast Refresh] done in 163ms"]}
[2025-01-16T16:55:55.312Z] INFO: Console.log {"args":["[Fast Refresh] done in 131ms"]}
[2025-01-16T16:55:55.410Z] INFO: Console.log {"args":["[Fast Refresh] rebuilding"]}
[2025-01-16T16:55:55.403Z] ERROR: Console.error {"args":["Warning: async/await is not yet supported in Client Components, only Server Components. This error is often caused by accidentally adding `'use client'` to a module that was originally written for the server.%s","\n    at PodcastGrid\n    at Suspense\n    at div\n    at div\n    at PodcastsPage\n    at ClientPageRoot (webpack-internal:///(app-pages-browser)/./node_modules/next/dist/client/components/client-page.js:14:11)\n    at InnerLayoutRouter (webpack-internal:///(app-pages-browser)/./node_modules/next/dist/client/components/layout-router.js:243:11)\n    at RedirectErrorBoundary (webpack-internal:///(app-pages-browser)/./node_modules/next/dist/client/components/redirect-boundary.js:74:9)\n    at RedirectBoundary (webpack-internal:///(app-pages-browser)/./node_modules/next/dist/client/components/redirect-boundary.js:82:11)\n    at NotFoundBoundary (webpack-internal:///(app-pages-browser)/./node_modules/next/dist/client/components/not-found-boundary.js:84:11)\n    at Suspense\n    at LoadingBoundary (webpack-internal:///(app-pages-browser)/./node_modules/next/dist/client/components/layout-router.js:349:11)\n    at ErrorBoundaryHandler (webpack-internal:///(app-pages-browser)/./node_modules/next/dist/client/components/error-boundary.js:113:9)\n    at ErrorBoundary (webpack-internal:///(app-pages-browser)/./node_modules/next/dist/client/components/error-boundary.js:160:11)\n    at InnerScrollAndFocusHandler (webpack-internal:///(app-pages-browser)/./node_modules/next/dist/client/components/layout-router.js:153:9)\n    at ScrollAndFocusHandler (webpack-internal:///(app-pages-browser)/./node_modules/next/dist/client/components/layout-router.js:228:11)\n    at RenderFromTemplateContext (webpack-internal:///(app-pages-browser)/./node_modules/next/dist/client/components/render-from-template-context.js:16:44)\n    at OuterLayoutRouter (webpack-internal:///(app-pages-browser)/./node_modules/next/dist/client/components/layout-router.js:370:11)\n    at InnerLayoutRouter (webpack-internal:///(app-pages-browser)/./node_modules/next/dist/client/components/layout-router.js:243:11)\n    at RedirectErrorBoundary (webpack-internal:///(app-pages-browser)/./node_modules/next/dist/client/components/redirect-boundary.js:74:9)\n    at RedirectBoundary (webpack-internal:///(app-pages-browser)/./node_modules/next/dist/client/components/redirect-boundary.js:82:11)\n    at NotFoundBoundary (webpack-internal:///(app-pages-browser)/./node_modules/next/dist/client/components/not-found-boundary.js:84:11)\n    at LoadingBoundary (webpack-internal:///(app-pages-browser)/./node_modules/next/dist/client/components/layout-router.js:349:11)\n    at ErrorBoundary (webpack-internal:///(app-pages-browser)/./node_modules/next/dist/client/components/error-boundary.js:160:11)\n    at InnerScrollAndFocusHandler (webpack-internal:///(app-pages-browser)/./node_modules/next/dist/client/components/layout-router.js:153:9)\n    at ScrollAndFocusHandler (webpack-internal:///(app-pages-browser)/./node_modules/next/dist/client/components/layout-router.js:228:11)\n    at RenderFromTemplateContext (webpack-internal:///(app-pages-browser)/./node_modules/next/dist/client/components/render-from-template-context.js:16:44)\n    at OuterLayoutRouter (webpack-internal:///(app-pages-browser)/./node_modules/next/dist/client/components/layout-router.js:370:11)\n    at main\n    at main\n    at _c8 (webpack-internal:///(app-pages-browser)/./components/ui/sidebar.tsx:349:11)\n    at div\n    at div\n    at Provider (webpack-internal:///(app-pages-browser)/./node_modules/@radix-ui/react-tooltip/node_modules/@radix-ui/react-context/dist/index.mjs:34:15)\n    at TooltipProvider (webpack-internal:///(app-pages-browser)/./node_modules/@radix-ui/react-tooltip/dist/index.mjs:58:13)\n    at eval (webpack-internal:///(app-pages-browser)/./components/ui/sidebar.tsx:73:11)\n    at DashboardLayout (Server)\n    at InnerLayoutRouter (webpack-internal:///(app-pages-browser)/./node_modules/next/dist/client/components/layout-router.js:243:11)\n    at RedirectErrorBoundary (webpack-internal:///(app-pages-browser)/./node_modules/next/dist/client/components/redirect-boundary.js:74:9)\n    at RedirectBoundary (webpack-internal:///(app-pages-browser)/./node_modules/next/dist/client/components/redirect-boundary.js:82:11)\n    at NotFoundErrorBoundary (webpack-internal:///(app-pages-browser)/./node_modules/next/dist/client/components/not-found-boundary.js:76:9)\n    at NotFoundBoundary (webpack-internal:///(app-pages-browser)/./node_modules/next/dist/client/components/not-found-boundary.js:84:11)\n    at LoadingBoundary (webpack-internal:///(app-pages-browser)/./node_modules/next/dist/client/components/layout-router.js:349:11)\n    at ErrorBoundaryHandler (webpack-internal:///(app-pages-browser)/./node_modules/next/dist/client/components/error-boundary.js:113:9)\n    at ErrorBoundary (webpack-internal:///(app-pages-browser)/./node_modules/next/dist/client/components/error-boundary.js:160:11)\n    at InnerScrollAndFocusHandler (webpack-internal:///(app-pages-browser)/./node_modules/next/dist/client/components/layout-router.js:153:9)\n    at ScrollAndFocusHandler (webpack-internal:///(app-pages-browser)/./node_modules/next/dist/client/components/layout-router.js:228:11)\n    at RenderFromTemplateContext (webpack-internal:///(app-pages-browser)/./node_modules/next/dist/client/components/render-from-template-context.js:16:44)\n    at OuterLayoutRouter (webpack-internal:///(app-pages-browser)/./node_modules/next/dist/client/components/layout-router.js:370:11)\n    at ErrorBoundary (webpack-internal:///(app-pages-browser)/./app/components/error-boundary.tsx:68:9)\n    at LogProvider (webpack-internal:///(app-pages-browser)/./app/providers/log-provider.tsx:14:11)\n    at body\n    at html\n    at RootLayout (Server)\n    at RedirectErrorBoundary (webpack-internal:///(app-pages-browser)/./node_modules/next/dist/client/components/redirect-boundary.js:74:9)\n    at RedirectBoundary (webpack-internal:///(app-pages-browser)/./node_modules/next/dist/client/components/redirect-boundary.js:82:11)\n    at NotFoundErrorBoundary (webpack-internal:///(app-pages-browser)/./node_modules/next/dist/client/components/not-found-boundary.js:76:9)\n    at NotFoundBoundary (webpack-internal:///(app-pages-browser)/./node_modules/next/dist/client/components/not-found-boundary.js:84:11)\n    at DevRootNotFoundBoundary (webpack-internal:///(app-pages-browser)/./node_modules/next/dist/client/components/dev-root-not-found-boundary.js:33:11)\n    at ReactDevOverlay (webpack-internal:///(app-pages-browser)/./node_modules/next/dist/client/components/react-dev-overlay/app/ReactDevOverlay.js:87:9)\n    at HotReload (webpack-internal:///(app-pages-browser)/./node_modules/next/dist/client/components/react-dev-overlay/app/hot-reloader-client.js:321:11)\n    at Router (webpack-internal:///(app-pages-browser)/./node_modules/next/dist/client/components/app-router.js:207:11)\n    at ErrorBoundaryHandler (webpack-internal:///(app-pages-browser)/./node_modules/next/dist/client/components/error-boundary.js:113:9)\n    at ErrorBoundary (webpack-internal:///(app-pages-browser)/./node_modules/next/dist/client/components/error-boundary.js:160:11)\n    at AppRouter (webpack-internal:///(app-pages-browser)/./node_modules/next/dist/client/components/app-router.js:585:13)\n    at ServerRoot (webpack-internal:///(app-pages-browser)/./node_modules/next/dist/client/app-index.js:112:27)\n    at Root (webpack-internal:///(app-pages-browser)/./node_modules/next/dist/client/app-index.js:117:11)"]}
[2025-01-16T16:55:55.504Z] INFO: Console.log {"args":["[Fast Refresh] done in 94ms"]}
[2025-01-16T16:55:55.410Z] INFO: Console.log {"args":["[Fast Refresh] rebuilding"]}
[2025-01-16T16:55:55.504Z] INFO: Console.log {"args":["[Fast Refresh] done in 94ms"]}
[2025-01-16T16:55:55.692Z] ERROR: Console.error {"args":["Error fetching podcasts:",{"errorType":"Error","errorMessage":"Failed to fetch podcasts","stackTrace":"Error: Failed to fetch podcasts\n    at getPodcasts (webpack-internal:///(app-pages-browser)/./app/services/podcast.ts:15:19)\n    at async PodcastGrid (webpack-internal:///(app-pages-browser)/./app/components/dashboard/podcasts/PodcastGrid.tsx:12:22)"}]}
[2025-01-16T16:55:55.718Z] ERROR: Console.error {"args":["Error fetching podcasts:",{"errorType":"Error","errorMessage":"Failed to fetch podcasts","stackTrace":"Error: Failed to fetch podcasts\n    at getPodcasts (webpack-internal:///(app-pages-browser)/./app/services/podcast.ts:15:19)\n    at async PodcastGrid (webpack-internal:///(app-pages-browser)/./app/components/dashboard/podcasts/PodcastGrid.tsx:12:22)"}]}
[2025-01-16T16:55:55.740Z] ERROR: Console.error {"args":["Error fetching podcasts:",{"errorType":"Error","errorMessage":"Failed to fetch podcasts","stackTrace":"Error: Failed to fetch podcasts\n    at getPodcasts (webpack-internal:///(app-pages-browser)/./app/services/podcast.ts:15:19)\n    at async PodcastGrid (webpack-internal:///(app-pages-browser)/./app/components/dashboard/podcasts/PodcastGrid.tsx:12:22)"}]}
[2025-01-16T16:55:55.758Z] ERROR: Console.error {"args":["Error fetching podcasts:",{"errorType":"Error","errorMessage":"Failed to fetch podcasts","stackTrace":"Error: Failed to fetch podcasts\n    at getPodcasts (webpack-internal:///(app-pages-browser)/./app/services/podcast.ts:15:19)\n    at async PodcastGrid (webpack-internal:///(app-pages-browser)/./app/components/dashboard/podcasts/PodcastGrid.tsx:12:22)"}]}
[2025-01-16T16:55:55.783Z] ERROR: Console.error {"args":["Error fetching podcasts:",{"errorType":"Error","errorMessage":"Failed to fetch podcasts","stackTrace":"Error: Failed to fetch podcasts\n    at getPodcasts (webpack-internal:///(app-pages-browser)/./app/services/podcast.ts:15:19)\n    at async PodcastGrid (webpack-internal:///(app-pages-browser)/./app/components/dashboard/podcasts/PodcastGrid.tsx:12:22)"}]}
[2025-01-16T16:55:55.801Z] ERROR: Console.error {"args":["Error fetching podcasts:",{"errorType":"Error","errorMessage":"Failed to fetch podcasts","stackTrace":"Error: Failed to fetch podcasts\n    at getPodcasts (webpack-internal:///(app-pages-browser)/./app/services/podcast.ts:15:19)\n    at async PodcastGrid (webpack-internal:///(app-pages-browser)/./app/components/dashboard/podcasts/PodcastGrid.tsx:12:22)"}]}
